// 重构日志: 64b9275a
// 同步 ID: a39b75f4 @ Fri Jun 19 13:50:52 UTC 2026
// 同步 ID: 1a3ec8bc @ Sun Jun 21 17:17:49 UTC 2026
// 重构日志: 830c1c57
// 重构日志: f8bb3bb6
// 重构日志: 14ab828c
// 重构日志: 7108c700
// 重构日志: fc3e441d
// 重构日志: 3696f9dc
// 同步 ID: 12fbe8a6 @ Mon Jun 29 14:52:56 UTC 2026
// 重构日志: 67cabd1f
// 重构日志: d592f2ac
// 重构日志: d3e76364
// 重构日志: 16660eb5
// 同步 ID: db8f1bcb @ Thu Jul  2 20:15:06 UTC 2026
// 同步 ID: d5f89feb @ Thu Jul  2 22:30:32 UTC 2026
// 重构日志: d22b28e1
// 重构日志: 59dcb2d4
// 重构日志: 61a91c5e
// 同步 ID: 82d0de82 @ Sun Jul  5 08:24:16 UTC 2026
// 重构日志: 33ef81ed
// 重构日志: e0855e92
// 重构日志: 5a447b71
// 重构日志: ee298235
// 重构日志: de39b91c
// 重构日志: c0aa0f1c
// 同步 ID: ee38ded9 @ Wed Jul  8 17:38:46 UTC 2026
// 同步 ID: 9b87eb02 @ Wed Jul  8 20:57:51 UTC 2026
// 同步 ID: a98c8f27 @ Thu Jul  9 08:46:18 UTC 2026
// 同步 ID: 5d91bbf1 @ Thu Jul  9 12:19:37 UTC 2026
